<?xml version="1.0" encoding="utf-8" standalone="no"?>
<!--This file represents the results of running a test suite-->
<test-results name="C:\Tomas\Materials\Public\Talks 2014\Serious Craft (New York)\step-by-step\part2\tests\FSharp.ProjectTemplate.Tests\bin\Release\FSharp.ProjectTemplate.Tests.dll" total="1" errors="0" failures="0" not-run="0" inconclusive="0" ignored="0" skipped="0" invalid="0" date="2014-07-01" time="13:51:19">
  <environment nunit-version="2.6.3.13283" clr-version="2.0.50727.8000" os-version="Microsoft Windows NT 6.2.9200.0" platform="Win32NT" cwd="C:\Tomas\Materials\Public\Talks 2014\Serious Craft (New York)\step-by-step\part2" machine-name="TWOFLOWER" user="Tomas" user-domain="TWOFLOWER" />
  <culture-info current-culture="en-US" current-uiculture="en-US" />
  <test-suite type="Assembly" name="C:\Tomas\Materials\Public\Talks 2014\Serious Craft (New York)\step-by-step\part2\tests\FSharp.ProjectTemplate.Tests\bin\Release\FSharp.ProjectTemplate.Tests.dll" executed="True" result="Success" success="True" time="0.260" asserts="0">
    <results>
      <test-suite type="Namespace" name="FSharp" executed="True" result="Success" success="True" time="0.227" asserts="0">
        <results>
          <test-suite type="Namespace" name="ProjectScaffold" executed="True" result="Success" success="True" time="0.226" asserts="0">
            <results>
              <test-suite type="TestFixture" name="Tests" executed="True" result="Success" success="True" time="0.222" asserts="0">
                <results>
                  <test-case name="FSharp.ProjectScaffold.Tests.hello returns 42" executed="True" result="Success" success="True" time="0.201" asserts="1" />
                </results>
              </test-suite>
            </results>
          </test-suite>
        </results>
      </test-suite>
    </results>
  </test-suite>
</test-results>